<?xml version="1.0" encoding="UTF-8"?>
<!-- Generated by org.testng.reporters.JUnitReportReporter -->
<testsuite skipped="0" hostname="THULASI-PC" name="com.Rest.Sample.RestAssure" tests="1" failures="0" timestamp="09 Mar 2021 05:58:44 GMT" time="9.214" errors="0">
  <testcase name="GetBookDetails" time="9.214" classname="com.Rest.Sample.RestAssure"/>
</testsuite> <!-- com.Rest.Sample.RestAssure -->
