<?xml version="1.0" encoding="UTF-8"?>
<!-- Generated by org.testng.reporters.JUnitReportReporter -->
<testsuite skipped="0" hostname="THULASI-PC" name="com.Rest.Sample.Sample" tests="1" failures="0" timestamp="07 Mar 2021 04:40:20 GMT" time="6.956" errors="0">
  <testcase name="GetWeatherDetails" time="6.956" classname="com.Rest.Sample.Sample"/>
</testsuite> <!-- com.Rest.Sample.Sample -->
