<?xml version="1.0" encoding="UTF-8"?>
<!-- Generated by org.testng.reporters.JUnitReportReporter -->
<testsuite skipped="0" hostname="THULASI-PC" name="com.Rest.Sample.Flipkart" tests="1" failures="0" timestamp="09 Mar 2021 05:43:20 GMT" time="38.788" errors="0">
  <testcase name="flipksrtPageValidation" time="38.788" classname="com.Rest.Sample.Flipkart"/>
</testsuite> <!-- com.Rest.Sample.Flipkart -->
