<?xml version="1.0" encoding="UTF-8"?>
<!-- Generated by org.testng.reporters.JUnitReportReporter -->
<testsuite skipped="0" hostname="THULASI-PC" name="com.Rest.Sample.Amazon" tests="1" failures="0" timestamp="09 Mar 2021 05:56:00 GMT" time="185.860" errors="0">
  <testcase name="flipksrtAmazonCostCompare" time="185.860" classname="com.Rest.Sample.Amazon"/>
</testsuite> <!-- com.Rest.Sample.Amazon -->
